{"uuid":"a8328800-6006-4baa-bbe3-49aa247c5711","historyId":"c77b25b6f8358b1e47e2de0adae1929c","testCaseId":"a1a7a1bbf84aa2876c9f52180af14c06","fullName":"src/test/resources/featurefile/TC_003.feature:4","labels":[{"name":"tag","value":"smoke"},{"name":"tag","value":"regression"},{"name":"host","value":"LTIN568258"},{"name":"thread","value":"14284@LTIN568258.main(1)"},{"name":"feature","value":"User Login through Apple"},{"name":"story","value":"Login through Apple with invalid details"},{"name":"suite","value":"User Login through Apple"},{"name":"testClass","value":"Login through Apple with invalid details"},{"name":"framework","value":"cucumber4jvm"},{"name":"language","value":"java"},{"name":"gherkin_uri","value":"file:///C:/Users/2403716/Selenium-workspace/2403716_IdentifyNewBikes/src/test/resources/featurefile/TC_003.feature"},{"name":"package","value":"src.test.resources.featurefile.TC_003_feature.User Login through Apple"}],"links":[],"name":"Login through Apple with invalid details","status":"broken","statusDetails":{"known":false,"muted":false,"flaky":false,"message":"Expected condition failed: waiting for visibility of [[ChromeDriver: chrome on windows (d4b35ee9c1157f9e96d66f5586d9a49b)] -> xpath: //input[@type='text']] (tried for 10 second(s) with 500 milliseconds interval)\nBuild info: version: '4.34.0', revision: '707dcb4246*'\nSystem info: os.name: 'Windows 11', os.arch: 'amd64', os.version: '10.0', java.version: '21.0.5'\nDriver info: org.openqa.selenium.chrome.ChromeDriver\nCapabilities {acceptInsecureCerts: false, browserName: chrome, browserVersion: 137.0.7151.69, chrome: {chromedriverVersion: 137.0.7151.119 (e0ac9d12dff..., userDataDir: C:\\Users\\2403716\\AppData\\Lo...}, fedcm:accounts: true, goog:chromeOptions: {debuggerAddress: localhost:61107}, networkConnectionEnabled: false, pageLoadStrategy: normal, platformName: windows, proxy: Proxy(), se:cdp: ws://localhost:61107/devtoo..., se:cdpVersion: 137.0.7151.69, setWindowRect: true, strictFileInteractability: false, timeouts: {implicit: 0, pageLoad: 300000, script: 30000}, unhandledPromptBehavior: dismiss and notify, webauthn:extension:credBlob: true, webauthn:extension:largeBlob: true, webauthn:extension:minPinLength: true, webauthn:extension:prf: true, webauthn:virtualAuthenticators: true}\nSession ID: d4b35ee9c1157f9e96d66f5586d9a49b","trace":"org.openqa.selenium.TimeoutException: Expected condition failed: waiting for visibility of [[ChromeDriver: chrome on windows (d4b35ee9c1157f9e96d66f5586d9a49b)] -> xpath: //input[@type='text']] (tried for 10 second(s) with 500 milliseconds interval)\nBuild info: version: '4.34.0', revision: '707dcb4246*'\nSystem info: os.name: 'Windows 11', os.arch: 'amd64', os.version: '10.0', java.version: '21.0.5'\nDriver info: org.openqa.selenium.chrome.ChromeDriver\nCapabilities {acceptInsecureCerts: false, browserName: chrome, browserVersion: 137.0.7151.69, chrome: {chromedriverVersion: 137.0.7151.119 (e0ac9d12dff..., userDataDir: C:\\Users\\2403716\\AppData\\Lo...}, fedcm:accounts: true, goog:chromeOptions: {debuggerAddress: localhost:61107}, networkConnectionEnabled: false, pageLoadStrategy: normal, platformName: windows, proxy: Proxy(), se:cdp: ws://localhost:61107/devtoo..., se:cdpVersion: 137.0.7151.69, setWindowRect: true, strictFileInteractability: false, timeouts: {implicit: 0, pageLoad: 300000, script: 30000}, unhandledPromptBehavior: dismiss and notify, webauthn:extension:credBlob: true, webauthn:extension:largeBlob: true, webauthn:extension:minPinLength: true, webauthn:extension:prf: true, webauthn:virtualAuthenticators: true}\nSession ID: d4b35ee9c1157f9e96d66f5586d9a49b\r\n\tat org.openqa.selenium.support.ui.WebDriverWait.timeoutException(WebDriverWait.java:84)\r\n\tat org.openqa.selenium.support.ui.FluentWait.until(FluentWait.java:228)\r\n\tat pageObject.AppleLoginPage.PhoneNo(AppleLoginPage.java:77)\r\n\tat stepDefination.TC_003_AppleLoginSteps.user_provide_phone_number_in_apple_login_page(TC_003_AppleLoginSteps.java:29)\r\n\tat ✽.user enters Phone Number(file:///C:/Users/2403716/Selenium-workspace/2403716_IdentifyNewBikes/src/test/resources/featurefile/TC_003.feature:8)\r\n"},"stage":"finished","steps":[{"name":"Given the user is on the ZigWheels Homepage","status":"passed","statusDetails":{"known":false,"muted":false,"flaky":false},"stage":"finished","steps":[],"attachments":[],"parameters":[],"start":1753119774783,"stop":1753119775744},{"name":"hooks.Hooks.addScreenshotToAllure(io.cucumber.java.Scenario)","status":"passed","statusDetails":{"known":false,"muted":false,"flaky":false},"stage":"finished","steps":[],"attachments":[],"parameters":[],"start":1753119775744,"stop":1753119775744},{"name":"When the user clicks on the Login/Signup","status":"passed","statusDetails":{"known":false,"muted":false,"flaky":false},"stage":"finished","steps":[],"attachments":[],"parameters":[],"start":1753119775745,"stop":1753119775984},{"name":"hooks.Hooks.addScreenshotToAllure(io.cucumber.java.Scenario)","status":"passed","statusDetails":{"known":false,"muted":false,"flaky":false},"stage":"finished","steps":[],"attachments":[],"parameters":[],"start":1753119775985,"stop":1753119775985},{"name":"Then the user clicks on the Apple login option","status":"passed","statusDetails":{"known":false,"muted":false,"flaky":false},"stage":"finished","steps":[],"attachments":[],"parameters":[],"start":1753119775985,"stop":1753119776831},{"name":"hooks.Hooks.addScreenshotToAllure(io.cucumber.java.Scenario)","status":"passed","statusDetails":{"known":false,"muted":false,"flaky":false},"stage":"finished","steps":[],"attachments":[],"parameters":[],"start":1753119776831,"stop":1753119776831},{"name":"And user enters Phone Number","status":"broken","statusDetails":{"known":false,"muted":false,"flaky":false,"message":"Expected condition failed: waiting for visibility of [[ChromeDriver: chrome on windows (d4b35ee9c1157f9e96d66f5586d9a49b)] -> xpath: //input[@type='text']] (tried for 10 second(s) with 500 milliseconds interval)\nBuild info: version: '4.34.0', revision: '707dcb4246*'\nSystem info: os.name: 'Windows 11', os.arch: 'amd64', os.version: '10.0', java.version: '21.0.5'\nDriver info: org.openqa.selenium.chrome.ChromeDriver\nCapabilities {acceptInsecureCerts: false, browserName: chrome, browserVersion: 137.0.7151.69, chrome: {chromedriverVersion: 137.0.7151.119 (e0ac9d12dff..., userDataDir: C:\\Users\\2403716\\AppData\\Lo...}, fedcm:accounts: true, goog:chromeOptions: {debuggerAddress: localhost:61107}, networkConnectionEnabled: false, pageLoadStrategy: normal, platformName: windows, proxy: Proxy(), se:cdp: ws://localhost:61107/devtoo..., se:cdpVersion: 137.0.7151.69, setWindowRect: true, strictFileInteractability: false, timeouts: {implicit: 0, pageLoad: 300000, script: 30000}, unhandledPromptBehavior: dismiss and notify, webauthn:extension:credBlob: true, webauthn:extension:largeBlob: true, webauthn:extension:minPinLength: true, webauthn:extension:prf: true, webauthn:virtualAuthenticators: true}\nSession ID: d4b35ee9c1157f9e96d66f5586d9a49b","trace":"org.openqa.selenium.TimeoutException: Expected condition failed: waiting for visibility of [[ChromeDriver: chrome on windows (d4b35ee9c1157f9e96d66f5586d9a49b)] -> xpath: //input[@type='text']] (tried for 10 second(s) with 500 milliseconds interval)\nBuild info: version: '4.34.0', revision: '707dcb4246*'\nSystem info: os.name: 'Windows 11', os.arch: 'amd64', os.version: '10.0', java.version: '21.0.5'\nDriver info: org.openqa.selenium.chrome.ChromeDriver\nCapabilities {acceptInsecureCerts: false, browserName: chrome, browserVersion: 137.0.7151.69, chrome: {chromedriverVersion: 137.0.7151.119 (e0ac9d12dff..., userDataDir: C:\\Users\\2403716\\AppData\\Lo...}, fedcm:accounts: true, goog:chromeOptions: {debuggerAddress: localhost:61107}, networkConnectionEnabled: false, pageLoadStrategy: normal, platformName: windows, proxy: Proxy(), se:cdp: ws://localhost:61107/devtoo..., se:cdpVersion: 137.0.7151.69, setWindowRect: true, strictFileInteractability: false, timeouts: {implicit: 0, pageLoad: 300000, script: 30000}, unhandledPromptBehavior: dismiss and notify, webauthn:extension:credBlob: true, webauthn:extension:largeBlob: true, webauthn:extension:minPinLength: true, webauthn:extension:prf: true, webauthn:virtualAuthenticators: true}\nSession ID: d4b35ee9c1157f9e96d66f5586d9a49b\r\n\tat org.openqa.selenium.support.ui.WebDriverWait.timeoutException(WebDriverWait.java:84)\r\n\tat org.openqa.selenium.support.ui.FluentWait.until(FluentWait.java:228)\r\n\tat pageObject.AppleLoginPage.PhoneNo(AppleLoginPage.java:77)\r\n\tat stepDefination.TC_003_AppleLoginSteps.user_provide_phone_number_in_apple_login_page(TC_003_AppleLoginSteps.java:29)\r\n\tat ✽.user enters Phone Number(file:///C:/Users/2403716/Selenium-workspace/2403716_IdentifyNewBikes/src/test/resources/featurefile/TC_003.feature:8)\r\n"},"stage":"finished","steps":[],"attachments":[],"parameters":[],"start":1753119776831,"stop":1753119786923},{"name":"hooks.Hooks.addScreenshotToAllure(io.cucumber.java.Scenario)","status":"passed","statusDetails":{"known":false,"muted":false,"flaky":false},"stage":"finished","steps":[],"attachments":[{"name":"Failed Screenshot","source":"058df8bb-41ab-4902-a82b-c9d1d673e322-attachment"}],"parameters":[],"start":1753119786924,"stop":1753119787127},{"name":"And user enter the incorrect password","status":"skipped","statusDetails":{"known":false,"muted":false,"flaky":false},"stage":"finished","steps":[],"attachments":[],"parameters":[],"start":1753119787127,"stop":1753119787127},{"name":"hooks.Hooks.addScreenshotToAllure(io.cucumber.java.Scenario)","status":"skipped","statusDetails":{"known":false,"muted":false,"flaky":false},"stage":"finished","steps":[],"attachments":[],"parameters":[],"start":1753119787127,"stop":1753119787127},{"name":"Then display a invalid cradentials errorMessage","status":"skipped","statusDetails":{"known":false,"muted":false,"flaky":false},"stage":"finished","steps":[],"attachments":[],"parameters":[],"start":1753119787127,"stop":1753119787127},{"name":"hooks.Hooks.addScreenshotToAllure(io.cucumber.java.Scenario)","status":"skipped","statusDetails":{"known":false,"muted":false,"flaky":false},"stage":"finished","steps":[],"attachments":[],"parameters":[],"start":1753119787127,"stop":1753119787127},{"name":"And the user closes the Apple login page","status":"skipped","statusDetails":{"known":false,"muted":false,"flaky":false},"stage":"finished","steps":[],"attachments":[],"parameters":[],"start":1753119787127,"stop":1753119787127},{"name":"hooks.Hooks.addScreenshotToAllure(io.cucumber.java.Scenario)","status":"skipped","statusDetails":{"known":false,"muted":false,"flaky":false},"stage":"finished","steps":[],"attachments":[],"parameters":[],"start":1753119787127,"stop":1753119787127}],"attachments":[],"parameters":[],"start":1753119765675,"stop":1753119790350}