{"uuid":"a8e75b52-9af6-4832-8b75-a9155f63f8fb","historyId":"c77b25b6f8358b1e47e2de0adae1929c","testCaseId":"a1a7a1bbf84aa2876c9f52180af14c06","fullName":"src/test/resources/featurefile/TC_003.feature:4","labels":[{"name":"tag","value":"smoke"},{"name":"tag","value":"regression"},{"name":"host","value":"LTIN568258"},{"name":"thread","value":"14284@LTIN568258.main(1)"},{"name":"feature","value":"User Login through Apple"},{"name":"story","value":"Login through Apple with invalid details"},{"name":"suite","value":"User Login through Apple"},{"name":"testClass","value":"Login through Apple with invalid details"},{"name":"framework","value":"cucumber4jvm"},{"name":"language","value":"java"},{"name":"gherkin_uri","value":"file:///C:/Users/2403716/Selenium-workspace/2403716_IdentifyNewBikes/src/test/resources/featurefile/TC_003.feature"},{"name":"package","value":"src.test.resources.featurefile.TC_003_feature.User Login through Apple"}],"links":[],"name":"Login through Apple with invalid details","status":"broken","statusDetails":{"known":false,"muted":false,"flaky":false,"message":"Expected condition failed: waiting for visibility of [[ChromeDriver: chrome on windows (6871ad43b02d8f07eeaf4e214a1b61cf)] -> xpath: //input[@type='text']] (tried for 10 second(s) with 500 milliseconds interval)\nBuild info: version: '4.34.0', revision: '707dcb4246*'\nSystem info: os.name: 'Windows 11', os.arch: 'amd64', os.version: '10.0', java.version: '21.0.5'\nDriver info: org.openqa.selenium.chrome.ChromeDriver\nCapabilities {acceptInsecureCerts: false, browserName: chrome, browserVersion: 137.0.7151.69, chrome: {chromedriverVersion: 137.0.7151.119 (e0ac9d12dff..., userDataDir: C:\\Users\\2403716\\AppData\\Lo...}, fedcm:accounts: true, goog:chromeOptions: {debuggerAddress: localhost:60142}, networkConnectionEnabled: false, pageLoadStrategy: normal, platformName: windows, proxy: Proxy(), se:cdp: ws://localhost:60142/devtoo..., se:cdpVersion: 137.0.7151.69, setWindowRect: true, strictFileInteractability: false, timeouts: {implicit: 0, pageLoad: 300000, script: 30000}, unhandledPromptBehavior: dismiss and notify, webauthn:extension:credBlob: true, webauthn:extension:largeBlob: true, webauthn:extension:minPinLength: true, webauthn:extension:prf: true, webauthn:virtualAuthenticators: true}\nSession ID: 6871ad43b02d8f07eeaf4e214a1b61cf","trace":"org.openqa.selenium.TimeoutException: Expected condition failed: waiting for visibility of [[ChromeDriver: chrome on windows (6871ad43b02d8f07eeaf4e214a1b61cf)] -> xpath: //input[@type='text']] (tried for 10 second(s) with 500 milliseconds interval)\nBuild info: version: '4.34.0', revision: '707dcb4246*'\nSystem info: os.name: 'Windows 11', os.arch: 'amd64', os.version: '10.0', java.version: '21.0.5'\nDriver info: org.openqa.selenium.chrome.ChromeDriver\nCapabilities {acceptInsecureCerts: false, browserName: chrome, browserVersion: 137.0.7151.69, chrome: {chromedriverVersion: 137.0.7151.119 (e0ac9d12dff..., userDataDir: C:\\Users\\2403716\\AppData\\Lo...}, fedcm:accounts: true, goog:chromeOptions: {debuggerAddress: localhost:60142}, networkConnectionEnabled: false, pageLoadStrategy: normal, platformName: windows, proxy: Proxy(), se:cdp: ws://localhost:60142/devtoo..., se:cdpVersion: 137.0.7151.69, setWindowRect: true, strictFileInteractability: false, timeouts: {implicit: 0, pageLoad: 300000, script: 30000}, unhandledPromptBehavior: dismiss and notify, webauthn:extension:credBlob: true, webauthn:extension:largeBlob: true, webauthn:extension:minPinLength: true, webauthn:extension:prf: true, webauthn:virtualAuthenticators: true}\nSession ID: 6871ad43b02d8f07eeaf4e214a1b61cf\r\n\tat org.openqa.selenium.support.ui.WebDriverWait.timeoutException(WebDriverWait.java:84)\r\n\tat org.openqa.selenium.support.ui.FluentWait.until(FluentWait.java:228)\r\n\tat pageObject.AppleLoginPage.PhoneNo(AppleLoginPage.java:77)\r\n\tat stepDefination.TC_003_AppleLoginSteps.user_provide_phone_number_in_apple_login_page(TC_003_AppleLoginSteps.java:29)\r\n\tat ✽.user enters Phone Number(file:///C:/Users/2403716/Selenium-workspace/2403716_IdentifyNewBikes/src/test/resources/featurefile/TC_003.feature:8)\r\n"},"stage":"finished","steps":[{"name":"Given the user is on the ZigWheels Homepage","status":"passed","statusDetails":{"known":false,"muted":false,"flaky":false},"stage":"finished","steps":[],"attachments":[],"parameters":[],"start":1753119723174,"stop":1753119728325},{"name":"hooks.Hooks.addScreenshotToAllure(io.cucumber.java.Scenario)","status":"passed","statusDetails":{"known":false,"muted":false,"flaky":false},"stage":"finished","steps":[],"attachments":[],"parameters":[],"start":1753119728325,"stop":1753119728325},{"name":"When the user clicks on the Login/Signup","status":"passed","statusDetails":{"known":false,"muted":false,"flaky":false},"stage":"finished","steps":[],"attachments":[],"parameters":[],"start":1753119728325,"stop":1753119728437},{"name":"hooks.Hooks.addScreenshotToAllure(io.cucumber.java.Scenario)","status":"passed","statusDetails":{"known":false,"muted":false,"flaky":false},"stage":"finished","steps":[],"attachments":[],"parameters":[],"start":1753119728437,"stop":1753119728437},{"name":"Then the user clicks on the Apple login option","status":"passed","statusDetails":{"known":false,"muted":false,"flaky":false},"stage":"finished","steps":[],"attachments":[],"parameters":[],"start":1753119728437,"stop":1753119728854},{"name":"hooks.Hooks.addScreenshotToAllure(io.cucumber.java.Scenario)","status":"passed","statusDetails":{"known":false,"muted":false,"flaky":false},"stage":"finished","steps":[],"attachments":[],"parameters":[],"start":1753119728854,"stop":1753119728854},{"name":"And user enters Phone Number","status":"broken","statusDetails":{"known":false,"muted":false,"flaky":false,"message":"Expected condition failed: waiting for visibility of [[ChromeDriver: chrome on windows (6871ad43b02d8f07eeaf4e214a1b61cf)] -> xpath: //input[@type='text']] (tried for 10 second(s) with 500 milliseconds interval)\nBuild info: version: '4.34.0', revision: '707dcb4246*'\nSystem info: os.name: 'Windows 11', os.arch: 'amd64', os.version: '10.0', java.version: '21.0.5'\nDriver info: org.openqa.selenium.chrome.ChromeDriver\nCapabilities {acceptInsecureCerts: false, browserName: chrome, browserVersion: 137.0.7151.69, chrome: {chromedriverVersion: 137.0.7151.119 (e0ac9d12dff..., userDataDir: C:\\Users\\2403716\\AppData\\Lo...}, fedcm:accounts: true, goog:chromeOptions: {debuggerAddress: localhost:60142}, networkConnectionEnabled: false, pageLoadStrategy: normal, platformName: windows, proxy: Proxy(), se:cdp: ws://localhost:60142/devtoo..., se:cdpVersion: 137.0.7151.69, setWindowRect: true, strictFileInteractability: false, timeouts: {implicit: 0, pageLoad: 300000, script: 30000}, unhandledPromptBehavior: dismiss and notify, webauthn:extension:credBlob: true, webauthn:extension:largeBlob: true, webauthn:extension:minPinLength: true, webauthn:extension:prf: true, webauthn:virtualAuthenticators: true}\nSession ID: 6871ad43b02d8f07eeaf4e214a1b61cf","trace":"org.openqa.selenium.TimeoutException: Expected condition failed: waiting for visibility of [[ChromeDriver: chrome on windows (6871ad43b02d8f07eeaf4e214a1b61cf)] -> xpath: //input[@type='text']] (tried for 10 second(s) with 500 milliseconds interval)\nBuild info: version: '4.34.0', revision: '707dcb4246*'\nSystem info: os.name: 'Windows 11', os.arch: 'amd64', os.version: '10.0', java.version: '21.0.5'\nDriver info: org.openqa.selenium.chrome.ChromeDriver\nCapabilities {acceptInsecureCerts: false, browserName: chrome, browserVersion: 137.0.7151.69, chrome: {chromedriverVersion: 137.0.7151.119 (e0ac9d12dff..., userDataDir: C:\\Users\\2403716\\AppData\\Lo...}, fedcm:accounts: true, goog:chromeOptions: {debuggerAddress: localhost:60142}, networkConnectionEnabled: false, pageLoadStrategy: normal, platformName: windows, proxy: Proxy(), se:cdp: ws://localhost:60142/devtoo..., se:cdpVersion: 137.0.7151.69, setWindowRect: true, strictFileInteractability: false, timeouts: {implicit: 0, pageLoad: 300000, script: 30000}, unhandledPromptBehavior: dismiss and notify, webauthn:extension:credBlob: true, webauthn:extension:largeBlob: true, webauthn:extension:minPinLength: true, webauthn:extension:prf: true, webauthn:virtualAuthenticators: true}\nSession ID: 6871ad43b02d8f07eeaf4e214a1b61cf\r\n\tat org.openqa.selenium.support.ui.WebDriverWait.timeoutException(WebDriverWait.java:84)\r\n\tat org.openqa.selenium.support.ui.FluentWait.until(FluentWait.java:228)\r\n\tat pageObject.AppleLoginPage.PhoneNo(AppleLoginPage.java:77)\r\n\tat stepDefination.TC_003_AppleLoginSteps.user_provide_phone_number_in_apple_login_page(TC_003_AppleLoginSteps.java:29)\r\n\tat ✽.user enters Phone Number(file:///C:/Users/2403716/Selenium-workspace/2403716_IdentifyNewBikes/src/test/resources/featurefile/TC_003.feature:8)\r\n"},"stage":"finished","steps":[],"attachments":[],"parameters":[],"start":1753119728854,"stop":1753119738928},{"name":"hooks.Hooks.addScreenshotToAllure(io.cucumber.java.Scenario)","status":"passed","statusDetails":{"known":false,"muted":false,"flaky":false},"stage":"finished","steps":[],"attachments":[{"name":"Failed Screenshot","source":"55b882ef-f2c0-478f-9d91-12442ec7f017-attachment"}],"parameters":[],"start":1753119738928,"stop":1753119739112},{"name":"And user enter the incorrect password","status":"skipped","statusDetails":{"known":false,"muted":false,"flaky":false},"stage":"finished","steps":[],"attachments":[],"parameters":[],"start":1753119739112,"stop":1753119739112},{"name":"hooks.Hooks.addScreenshotToAllure(io.cucumber.java.Scenario)","status":"skipped","statusDetails":{"known":false,"muted":false,"flaky":false},"stage":"finished","steps":[],"attachments":[],"parameters":[],"start":1753119739112,"stop":1753119739112},{"name":"Then display a invalid cradentials errorMessage","status":"skipped","statusDetails":{"known":false,"muted":false,"flaky":false},"stage":"finished","steps":[],"attachments":[],"parameters":[],"start":1753119739112,"stop":1753119739112},{"name":"hooks.Hooks.addScreenshotToAllure(io.cucumber.java.Scenario)","status":"skipped","statusDetails":{"known":false,"muted":false,"flaky":false},"stage":"finished","steps":[],"attachments":[],"parameters":[],"start":1753119739112,"stop":1753119739112},{"name":"And the user closes the Apple login page","status":"skipped","statusDetails":{"known":false,"muted":false,"flaky":false},"stage":"finished","steps":[],"attachments":[],"parameters":[],"start":1753119739112,"stop":1753119739112},{"name":"hooks.Hooks.addScreenshotToAllure(io.cucumber.java.Scenario)","status":"skipped","statusDetails":{"known":false,"muted":false,"flaky":false},"stage":"finished","steps":[],"attachments":[],"parameters":[],"start":1753119739112,"stop":1753119739113}],"attachments":[],"parameters":[],"start":1753119717923,"stop":1753119741814}